{"uid":"2b371fedeb56d7ab","name":"Unsuccessful form submission [-empty_message@test.com---400]","fullName":"features/main_page.feature:Unsuccessful form submission","historyId":"e9aca73fea929e91639c5499d56b5890","time":{"start":1731553698628,"stop":1731553700925,"duration":2297},"status":"failed","statusMessage":"AssertionError: Expected status code 400, but got 401\nassert 401 == 400\n +  where 400 = int('400')","statusTrace":"fixturefunc = <function step_verify_submission_status_code at 0x7f29fbd0e3a0>\nrequest = <FixtureRequest for <Function test_unsuccessful_form_submission[-empty_message@test.com---400]>>\nkwargs = {'main_page': <pages.main_page.MainPage object at 0x7f29fa6d4670>, 'status_code': '400'}\n\n    def call_fixture_func(\n        fixturefunc: _FixtureFunc[FixtureValue], request: FixtureRequest, kwargs\n    ) -> FixtureValue:\n        if is_generator(fixturefunc):\n            fixturefunc = cast(\n                Callable[..., Generator[FixtureValue, None, None]], fixturefunc\n            )\n            generator = fixturefunc(**kwargs)\n            try:\n                fixture_result = next(generator)\n            except StopIteration:\n                raise ValueError(f\"{request.fixturename} did not yield a value\") from None\n            finalizer = functools.partial(_teardown_yield_fixture, fixturefunc, generator)\n            request.addfinalizer(finalizer)\n        else:\n            fixturefunc = cast(Callable[..., FixtureValue], fixturefunc)\n>           fixture_result = fixturefunc(**kwargs)\n\n/opt/hostedtoolcache/Python/3.9.20/x64/lib/python3.9/site-packages/_pytest/fixtures.py:898: \n_ _ _ _ _ _ _ _ _ _ _ _ _ _ _ _ _ _ _ _ _ _ _ _ _ _ _ _ _ _ _ _ _ _ _ _ _ _ _ _ \n\nmain_page = <pages.main_page.MainPage object at 0x7f29fa6d4670>\nstatus_code = '400'\n\n    @then(cfparse('I should see a \"{status_code}\" response for the form submission'))\n    def step_verify_submission_status_code(main_page: MainPage, status_code):\n        actual_status = main_page.submission_response.status\n>       assert actual_status == int(status_code), f\"Expected status code {status_code}, but got {actual_status}\"\nE       AssertionError: Expected status code 400, but got 401\nE       assert 401 == 400\nE        +  where 400 = int('400')\n\ntests/step_defs/test_main_page_bdd.py:42: AssertionError","flaky":false,"newFailed":false,"newBroken":false,"newPassed":false,"retriesCount":0,"retriesStatusChange":false,"beforeStages":[],"testStage":{"status":"failed","statusMessage":"AssertionError: Expected status code 400, but got 401\nassert 401 == 400\n +  where 400 = int('400')","statusTrace":"fixturefunc = <function step_verify_submission_status_code at 0x7f29fbd0e3a0>\nrequest = <FixtureRequest for <Function test_unsuccessful_form_submission[-empty_message@test.com---400]>>\nkwargs = {'main_page': <pages.main_page.MainPage object at 0x7f29fa6d4670>, 'status_code': '400'}\n\n    def call_fixture_func(\n        fixturefunc: _FixtureFunc[FixtureValue], request: FixtureRequest, kwargs\n    ) -> FixtureValue:\n        if is_generator(fixturefunc):\n            fixturefunc = cast(\n                Callable[..., Generator[FixtureValue, None, None]], fixturefunc\n            )\n            generator = fixturefunc(**kwargs)\n            try:\n                fixture_result = next(generator)\n            except StopIteration:\n                raise ValueError(f\"{request.fixturename} did not yield a value\") from None\n            finalizer = functools.partial(_teardown_yield_fixture, fixturefunc, generator)\n            request.addfinalizer(finalizer)\n        else:\n            fixturefunc = cast(Callable[..., FixtureValue], fixturefunc)\n>           fixture_result = fixturefunc(**kwargs)\n\n/opt/hostedtoolcache/Python/3.9.20/x64/lib/python3.9/site-packages/_pytest/fixtures.py:898: \n_ _ _ _ _ _ _ _ _ _ _ _ _ _ _ _ _ _ _ _ _ _ _ _ _ _ _ _ _ _ _ _ _ _ _ _ _ _ _ _ \n\nmain_page = <pages.main_page.MainPage object at 0x7f29fa6d4670>\nstatus_code = '400'\n\n    @then(cfparse('I should see a \"{status_code}\" response for the form submission'))\n    def step_verify_submission_status_code(main_page: MainPage, status_code):\n        actual_status = main_page.submission_response.status\n>       assert actual_status == int(status_code), f\"Expected status code {status_code}, but got {actual_status}\"\nE       AssertionError: Expected status code 400, but got 401\nE       assert 401 == 400\nE        +  where 400 = int('400')\n\ntests/step_defs/test_main_page_bdd.py:42: AssertionError","steps":[{"name":"Given I open the main page","time":{"start":1731553698628,"stop":1731553700209,"duration":1581},"status":"passed","steps":[],"attachments":[],"parameters":[],"shouldDisplayMessage":false,"stepsCount":0,"attachmentsCount":0,"hasContent":false},{"name":"When I fill the form with name \"\", email \"empty_message@test.com\", message \"\", and request type \"\"","time":{"start":1731553700210,"stop":1731553700517,"duration":307},"status":"passed","steps":[],"attachments":[],"parameters":[],"shouldDisplayMessage":false,"stepsCount":0,"attachmentsCount":0,"hasContent":false},{"name":"And I submit the form","time":{"start":1731553700517,"stop":1731553700924,"duration":407},"status":"passed","steps":[],"attachments":[{"uid":"ea2b99c188e5db1f","name":"Submission Response","source":"ea2b99c188e5db1f.txt","type":"text/plain","size":58}],"parameters":[],"shouldDisplayMessage":false,"stepsCount":0,"attachmentsCount":1,"hasContent":true},{"name":"Then I should see a \"400\" response for the form submission","time":{"start":1731553700924,"stop":1731553700925,"duration":1},"status":"failed","statusMessage":"Expected status code 400, but got 401\nassert 401 == 400\n +  where 400 = int('400')","statusTrace":"AssertionError: Expected status code 400, but got 401\nassert 401 == 400\n +  where 400 = int('400')\n","steps":[],"attachments":[],"parameters":[],"shouldDisplayMessage":true,"stepsCount":0,"attachmentsCount":0,"hasContent":true}],"attachments":[],"parameters":[],"shouldDisplayMessage":true,"stepsCount":4,"attachmentsCount":1,"hasContent":true},"afterStages":[],"labels":[{"name":"host","value":"fv-az1024-569"},{"name":"thread","value":"3045-MainThread"},{"name":"framework","value":"pytest-bdd"},{"name":"language","value":"cpython3"},{"name":"feature","value":"Main page form submission"},{"name":"resultFormat","value":"allure2"}],"parameters":[{"name":"email","value":"empty_message@test.com"},{"name":"message"},{"name":"name"},{"name":"request_type"},{"name":"status_code","value":"400"}],"links":[],"hidden":false,"retry":false,"extra":{"severity":"normal","retries":[],"categories":[{"name":"Product defects","matchedStatuses":[],"flaky":false}],"history":{"statistic":{"failed":2,"broken":0,"skipped":0,"passed":0,"unknown":0,"total":2},"items":[{"uid":"2acef1093e2620bb","reportUrl":"https://efimovnik.github.io/Kolyaefimov-test-automation/6//#testresult/2acef1093e2620bb","status":"failed","statusDetails":"AssertionError: Expected status code 400, but got 401\nassert 401 == 400\n +  where 400 = int('400')","time":{"start":1731553274674,"stop":1731553276867,"duration":2193}}]},"tags":[]},"source":"2b371fedeb56d7ab.json","parameterValues":["empty_message@test.com",null,null,null,"400"]}